<?xml version="1.0" encoding="UTF-8"?>
<!-- Generated by org.testng.reporters.JUnitReportReporter -->
<testsuite hostname="DESKTOP-GDFIP89" name="scripts.InvaliLogin" tests="1" failures="0" timestamp="19 Dec 2019 14:25:47 GMT" time="14.146" errors="0">
  <testcase name="testInvaliLogin" time="14.146" classname="scripts.InvaliLogin"/>
</testsuite> <!-- scripts.InvaliLogin -->
