<?xml version="1.0" encoding="UTF-8"?>
<!-- Generated by org.testng.reporters.JUnitReportReporter -->
<testsuite hostname="DESKTOP-GDFIP89" name="scripts.InvaliLogin" tests="1" failures="0" timestamp="19 Dec 2019 14:45:30 GMT" time="16.492" errors="0">
  <testcase name="testInvaliLogin" time="16.492" classname="scripts.InvaliLogin"/>
</testsuite> <!-- scripts.InvaliLogin -->
